2023-11-21 11:20:14.413 [main] INFO  org.pengwt.myhome.myhome2.Myhome2Application - Starting Myhome2Application using Java 1.8.0_333 on peng-hp with PID 11415 (/home/peng/IdeaProjects/myhome2/target/classes started by peng in /home/peng/IdeaProjects/myhome2)
2023-11-21 11:20:14.414 [main] INFO  org.pengwt.myhome.myhome2.Myhome2Application - No active profile set, falling back to 1 default profile: "default"
2023-11-21 11:20:14.916 [main] INFO  o.s.boot.web.embedded.tomcat.TomcatWebServer - Tomcat initialized with port(s): 8001 (http)
2023-11-21 11:20:14.920 [main] INFO  org.apache.coyote.http11.Http11NioProtocol - Initializing ProtocolHandler ["http-nio-8001"]
2023-11-21 11:20:14.921 [main] INFO  org.apache.catalina.core.StandardService - Starting service [Tomcat]
2023-11-21 11:20:14.921 [main] INFO  org.apache.catalina.core.StandardEngine - Starting Servlet engine: [Apache Tomcat/9.0.60]
2023-11-21 11:20:14.979 [main] INFO  o.a.c.core.ContainerBase.[Tomcat].[localhost].[/] - Initializing Spring embedded WebApplicationContext
2023-11-21 11:20:14.979 [main] INFO  o.s.b.w.s.c.ServletWebServerApplicationContext - Root WebApplicationContext: initialization completed in 548 ms
2023-11-21 11:20:15.329 [main] INFO  o.s.b.actuate.endpoint.web.EndpointLinksResolver - Exposing 1 endpoint(s) beneath base path '/actuator'
2023-11-21 11:20:15.340 [main] INFO  org.apache.coyote.http11.Http11NioProtocol - Starting ProtocolHandler ["http-nio-8001"]
2023-11-21 11:20:15.345 [main] INFO  o.s.boot.web.embedded.tomcat.TomcatWebServer - Tomcat started on port(s): 8001 (http) with context path ''
2023-11-21 11:20:15.352 [main] INFO  org.pengwt.myhome.myhome2.Myhome2Application - Started Myhome2Application in 1.129 seconds (JVM running for 1.353)
2023-11-21 11:20:15.718 [RMI TCP Connection(2)-192.168.1.15] INFO  o.a.c.core.ContainerBase.[Tomcat].[localhost].[/] - Initializing Spring DispatcherServlet 'dispatcherServlet'
2023-11-21 11:20:15.718 [RMI TCP Connection(2)-192.168.1.15] INFO  org.springframework.web.servlet.DispatcherServlet - Initializing Servlet 'dispatcherServlet'
2023-11-21 11:20:15.719 [RMI TCP Connection(2)-192.168.1.15] INFO  org.springframework.web.servlet.DispatcherServlet - Completed initialization in 1 ms
2023-11-21 13:02:02.088 [main] INFO  org.pengwt.myhome.myhome2.Myhome2Application - Starting Myhome2Application using Java 1.8.0_333 on peng-hp with PID 12576 (/home/peng/IdeaProjects/myhome2/target/classes started by peng in /home/peng/IdeaProjects/myhome2)
2023-11-21 13:02:02.089 [main] INFO  org.pengwt.myhome.myhome2.Myhome2Application - No active profile set, falling back to 1 default profile: "default"
2023-11-21 13:02:02.590 [main] INFO  o.s.boot.web.embedded.tomcat.TomcatWebServer - Tomcat initialized with port(s): 8001 (http)
2023-11-21 13:02:02.594 [main] INFO  org.apache.coyote.http11.Http11NioProtocol - Initializing ProtocolHandler ["http-nio-8001"]
2023-11-21 13:02:02.594 [main] INFO  org.apache.catalina.core.StandardService - Starting service [Tomcat]
2023-11-21 13:02:02.594 [main] INFO  org.apache.catalina.core.StandardEngine - Starting Servlet engine: [Apache Tomcat/9.0.60]
2023-11-21 13:02:02.639 [main] INFO  o.a.c.core.ContainerBase.[Tomcat].[localhost].[/] - Initializing Spring embedded WebApplicationContext
2023-11-21 13:02:02.639 [main] INFO  o.s.b.w.s.c.ServletWebServerApplicationContext - Root WebApplicationContext: initialization completed in 530 ms
2023-11-21 13:02:02.955 [main] INFO  o.s.b.actuate.endpoint.web.EndpointLinksResolver - Exposing 1 endpoint(s) beneath base path '/actuator'
2023-11-21 13:02:02.965 [main] INFO  org.apache.coyote.http11.Http11NioProtocol - Starting ProtocolHandler ["http-nio-8001"]
2023-11-21 13:02:02.971 [main] INFO  o.s.boot.web.embedded.tomcat.TomcatWebServer - Tomcat started on port(s): 8001 (http) with context path ''
2023-11-21 13:02:02.978 [main] INFO  org.pengwt.myhome.myhome2.Myhome2Application - Started Myhome2Application in 1.095 seconds (JVM running for 1.305)
2023-11-21 13:02:03.267 [RMI TCP Connection(2)-192.168.1.15] INFO  o.a.c.core.ContainerBase.[Tomcat].[localhost].[/] - Initializing Spring DispatcherServlet 'dispatcherServlet'
2023-11-21 13:02:03.267 [RMI TCP Connection(2)-192.168.1.15] INFO  org.springframework.web.servlet.DispatcherServlet - Initializing Servlet 'dispatcherServlet'
2023-11-21 13:02:03.267 [RMI TCP Connection(2)-192.168.1.15] INFO  org.springframework.web.servlet.DispatcherServlet - Completed initialization in 0 ms
2023-11-21 13:02:14.218 [http-nio-8001-exec-1] INFO  o.p.myhome.myhome2.controller.BookMarkController - 用户没有登陆
2023-11-21 13:02:39.671 [http-nio-8001-exec-9] INFO  o.p.myhome.myhome2.controller.BookMarkController - 用户登陆...
